<?xml version="1.0" encoding="UTF-8"?>
<robot generator="Robot 3.2.2 (Python 3.9.2 on win32)" generated="20210725 19:03:24.792" rpa="false">
<suite id="s1" name="PFE" source="D:\PFE\Azure\FOD-2021-PFE-019-MR-ROBOT\MrRobotAuth\server\uploads\PFE.robot">
<test id="s1-t1" name="OpenBrowser">
<kw name="Set Selenium Speed" library="SeleniumLibrary">
<doc>Sets the delay that is waited after each Selenium command.</doc>
<arguments>
<arg>1 seconds</arg>
</arguments>
<status status="PASS" starttime="20210725 19:03:24.963" endtime="20210725 19:03:24.963"></status>
</kw>
<kw name="Create Webdriver" library="SeleniumLibrary">
<doc>Creates an instance of Selenium WebDriver.</doc>
<arguments>
<arg>Firefox</arg>
<arg>executable_path=Drivers/geckodriver64.exe</arg>
</arguments>
<msg timestamp="20210725 19:03:24.964" level="INFO">Creating an instance of the Firefox WebDriver.</msg>
<status status="PASS" starttime="20210725 19:03:24.964" endtime="20210725 19:03:32.421"></status>
</kw>
<kw name="Open Browser" library="SeleniumLibrary">
<doc>Opens a new browser instance to the optional ``url``.</doc>
<arguments>
<arg>${url}</arg>
<arg>Firefox</arg>
<arg>options=add_argument("--ignore-certificate-errors")</arg>
</arguments>
<msg timestamp="20210725 19:03:32.421" level="INFO">Opening browser 'Firefox' to base url 'http://localhost:4200/'.</msg>
<msg timestamp="20210725 19:03:32.606" level="INFO">Firefox driver log is always forced to to: D:\PFE\Azure\FOD-2021-PFE-019-MR-ROBOT\MrRobotAuth\server\uploads\geckodriver-6.log</msg>
<status status="PASS" starttime="20210725 19:03:32.421" endtime="20210725 19:03:43.117"></status>
</kw>
<kw name="Maximize Browser Window" library="SeleniumLibrary">
<doc>Maximizes current browser window.</doc>
<status status="PASS" starttime="20210725 19:03:43.118" endtime="20210725 19:03:44.130"></status>
</kw>
<status status="PASS" starttime="20210725 19:03:24.963" endtime="20210725 19:03:44.131" critical="yes"></status>
</test>
<test id="s1-t2" name="Login">
<kw name="Input Text" library="SeleniumLibrary">
<doc>Types the given ``text`` into the text field identified by ``locator``.</doc>
<arguments>
<arg>xpath://html/body/app-root/div/app-login/div/div/div/div/div[2]/form/div[1]/input</arg>
<arg>omar.bouattour@esprit.tn</arg>
</arguments>
<msg timestamp="20210725 19:03:44.133" level="INFO">Typing text 'omar.bouattour@esprit.tn' into text field 'xpath://html/body/app-root/div/app-login/div/div/div/div/div[2]/form/div[1]/input'.</msg>
<status status="PASS" starttime="20210725 19:03:44.133" endtime="20210725 19:03:47.239"></status>
</kw>
<kw name="Click Element" library="SeleniumLibrary">
<doc>Click the element identified by ``locator``.</doc>
<arguments>
<arg>xpath://html/body/app-root/div/app-login/div/div/div/div/div[2]/form/button</arg>
</arguments>
<msg timestamp="20210725 19:03:47.240" level="INFO">Clicking element 'xpath://html/body/app-root/div/app-login/div/div/div/div/div[2]/form/button'.</msg>
<status status="PASS" starttime="20210725 19:03:47.240" endtime="20210725 19:03:49.518"></status>
</kw>
<kw name="Page Should Contain Element" library="SeleniumLibrary">
<doc>Verifies that element ``locator`` is found on the current page.</doc>
<arguments>
<arg>xpath://html/body/app-root/div/app-login/div/div/div/h5</arg>
</arguments>
<msg timestamp="20210725 19:03:50.530" level="INFO">Current page contains element 'xpath://html/body/app-root/div/app-login/div/div/div/h5'.</msg>
<status status="PASS" starttime="20210725 19:03:49.518" endtime="20210725 19:03:50.530"></status>
</kw>
<kw name="Clear Element Text" library="SeleniumLibrary">
<doc>Clears the value of the text-input-element identified by ``locator``.</doc>
<arguments>
<arg>xpath://html/body/app-root/div/app-login/div/div/div/div/div[2]/form/div[1]/input</arg>
</arguments>
<status status="PASS" starttime="20210725 19:03:50.532" endtime="20210725 19:03:52.591"></status>
</kw>
<kw name="Input Text" library="SeleniumLibrary">
<doc>Types the given ``text`` into the text field identified by ``locator``.</doc>
<arguments>
<arg>xpath://html/body/app-root/div/app-login/div/div/div/div/div[2]/form/div[1]/input</arg>
<arg>admin</arg>
</arguments>
<msg timestamp="20210725 19:03:52.591" level="INFO">Typing text 'admin' into text field 'xpath://html/body/app-root/div/app-login/div/div/div/div/div[2]/form/div[1]/input'.</msg>
<status status="PASS" starttime="20210725 19:03:52.591" endtime="20210725 19:03:55.670"></status>
</kw>
<kw name="Input Text" library="SeleniumLibrary">
<doc>Types the given ``text`` into the text field identified by ``locator``.</doc>
<arguments>
<arg>xpath://html/body/app-root/div/app-login/div/div/div/div/div[2]/form/div[2]/input</arg>
<arg>admin</arg>
</arguments>
<msg timestamp="20210725 19:03:55.674" level="INFO">Typing text 'admin' into text field 'xpath://html/body/app-root/div/app-login/div/div/div/div/div[2]/form/div[2]/input'.</msg>
<status status="PASS" starttime="20210725 19:03:55.673" endtime="20210725 19:03:58.757"></status>
</kw>
<kw name="Click Element" library="SeleniumLibrary">
<doc>Click the element identified by ``locator``.</doc>
<arguments>
<arg>xpath://html/body/app-root/div/app-login/div/div/div/div/div[2]/form/button</arg>
</arguments>
<msg timestamp="20210725 19:03:58.758" level="INFO">Clicking element 'xpath://html/body/app-root/div/app-login/div/div/div/div/div[2]/form/button'.</msg>
<status status="PASS" starttime="20210725 19:03:58.758" endtime="20210725 19:04:01.019"></status>
</kw>
<kw name="Wait Until Page Contains Element" library="SeleniumLibrary">
<doc>Waits until the element ``locator`` appears on the current page.</doc>
<arguments>
<arg>xpath://html/body/app-root/div/app-admininterface/div[2]/div[2]/div/div[1]/div/div[1]/button</arg>
</arguments>
<status status="PASS" starttime="20210725 19:04:01.020" endtime="20210725 19:04:02.032"></status>
</kw>
<status status="PASS" starttime="20210725 19:03:44.133" endtime="20210725 19:04:02.033" critical="yes"></status>
</test>
<test id="s1-t3" name="AdminPage">
<kw name="Click Element" library="SeleniumLibrary">
<doc>Click the element identified by ``locator``.</doc>
<arguments>
<arg>xpath://html/body/app-root/div/app-admininterface/div[2]/div[2]/div/div[1]/div/div[1]/button</arg>
</arguments>
<msg timestamp="20210725 19:04:02.034" level="INFO">Clicking element 'xpath://html/body/app-root/div/app-admininterface/div[2]/div[2]/div/div[1]/div/div[1]/button'.</msg>
<status status="PASS" starttime="20210725 19:04:02.034" endtime="20210725 19:04:04.309"></status>
</kw>
<status status="PASS" starttime="20210725 19:04:02.034" endtime="20210725 19:04:04.311" critical="yes"></status>
</test>
<test id="s1-t4" name="ArchiveTestCase">
<kw name="Click Element" library="SeleniumLibrary">
<doc>Click the element identified by ``locator``.</doc>
<arguments>
<arg>xpath://html/body/app-root/div/app-admininterface/div[2]/div[2]/div/div[1]/div/div[2]/ul/li[3]/button</arg>
</arguments>
<msg timestamp="20210725 19:04:04.319" level="INFO">Clicking element 'xpath://html/body/app-root/div/app-admininterface/div[2]/div[2]/div/div[1]/div/div[2]/ul/li[3]/button'.</msg>
<status status="PASS" starttime="20210725 19:04:04.318" endtime="20210725 19:04:06.458"></status>
</kw>
<kw name="Handle Alert" library="SeleniumLibrary">
<doc>Handles the current alert and returns its message.</doc>
<arguments>
<arg>accept</arg>
</arguments>
<msg timestamp="20210725 19:04:06.462" level="INFO">HANDLE::&lt;class 'NoneType'&gt;::None</msg>
<status status="PASS" starttime="20210725 19:04:06.461" endtime="20210725 19:04:09.522"></status>
</kw>
<kw name="Click Element" library="SeleniumLibrary">
<doc>Click the element identified by ``locator``.</doc>
<arguments>
<arg>xpath://html/body/app-root/div/app-admininterface/div[1]/button/i</arg>
</arguments>
<msg timestamp="20210725 19:04:09.524" level="INFO">Clicking element 'xpath://html/body/app-root/div/app-admininterface/div[1]/button/i'.</msg>
<status status="PASS" starttime="20210725 19:04:09.523" endtime="20210725 19:04:11.796"></status>
</kw>
<kw name="Click Element" library="SeleniumLibrary">
<doc>Click the element identified by ``locator``.</doc>
<arguments>
<arg>xpath://html/body/app-root/div/app-admininterface/div[1]/ul/li[2]/a</arg>
</arguments>
<msg timestamp="20210725 19:04:11.799" level="INFO">Clicking element 'xpath://html/body/app-root/div/app-admininterface/div[1]/ul/li[2]/a'.</msg>
<status status="PASS" starttime="20210725 19:04:11.798" endtime="20210725 19:04:14.070"></status>
</kw>
<kw name="Sleep" library="BuiltIn">
<doc>Pauses the test executed for the given time.</doc>
<arguments>
<arg>1</arg>
</arguments>
<msg timestamp="20210725 19:04:15.073" level="INFO">Slept 1 second</msg>
<status status="PASS" starttime="20210725 19:04:14.071" endtime="20210725 19:04:15.073"></status>
</kw>
<kw name="Click Element" library="SeleniumLibrary">
<doc>Click the element identified by ``locator``.</doc>
<arguments>
<arg>xpath://html/body/app-root/app-header/nav/img</arg>
</arguments>
<msg timestamp="20210725 19:04:15.074" level="INFO">Clicking element 'xpath://html/body/app-root/app-header/nav/img'.</msg>
<status status="PASS" starttime="20210725 19:04:15.074" endtime="20210725 19:04:17.339"></status>
</kw>
<status status="PASS" starttime="20210725 19:04:04.316" endtime="20210725 19:04:17.340" critical="yes"></status>
</test>
<test id="s1-t5" name="WriteTestCase">
<kw name="Click Element" library="SeleniumLibrary">
<doc>Click the element identified by ``locator``.</doc>
<arguments>
<arg>xpath://html/body/app-root/div/app-admininterface/div[1]/button/i</arg>
</arguments>
<msg timestamp="20210725 19:04:17.342" level="INFO">Clicking element 'xpath://html/body/app-root/div/app-admininterface/div[1]/button/i'.</msg>
<status status="PASS" starttime="20210725 19:04:17.342" endtime="20210725 19:04:19.589"></status>
</kw>
<kw name="Click Element" library="SeleniumLibrary">
<doc>Click the element identified by ``locator``.</doc>
<arguments>
<arg>xpath://html/body/app-root/div/app-admininterface/div[1]/ul/li[3]/a</arg>
</arguments>
<msg timestamp="20210725 19:04:19.592" level="INFO">Clicking element 'xpath://html/body/app-root/div/app-admininterface/div[1]/ul/li[3]/a'.</msg>
<status status="PASS" starttime="20210725 19:04:19.591" endtime="20210725 19:04:21.955"></status>
</kw>
<kw name="Input Text" library="SeleniumLibrary">
<doc>Types the given ``text`` into the text field identified by ``locator``.</doc>
<arguments>
<arg>xpath://html/body/app-root/div/app-writetest/div/input</arg>
<arg>test</arg>
</arguments>
<msg timestamp="20210725 19:04:21.956" level="INFO">Typing text 'test' into text field 'xpath://html/body/app-root/div/app-writetest/div/input'.</msg>
<status status="PASS" starttime="20210725 19:04:21.955" endtime="20210725 19:04:25.099"></status>
</kw>
<kw name="Click Element" library="SeleniumLibrary">
<doc>Click the element identified by ``locator``.</doc>
<arguments>
<arg>xpath://html/body/app-root/div/app-writetest/ngx-codemirror/div/div[6]/div[1]/div/div</arg>
</arguments>
<msg timestamp="20210725 19:04:25.102" level="INFO">Clicking element 'xpath://html/body/app-root/div/app-writetest/ngx-codemirror/div/div[6]/div[1]/div/div'.</msg>
<status status="PASS" starttime="20210725 19:04:25.101" endtime="20210725 19:04:27.362"></status>
</kw>
<kw name="Execute Javascript" library="SeleniumLibrary">
<doc>Executes the given JavaScript code with possible arguments.</doc>
<arguments>
<arg>_editor = document.querySelectorAll("div.CodeMirror")[0].CodeMirror;</arg>
<arg>_editor.setValue("Hello world!");</arg>
</arguments>
<msg timestamp="20210725 19:04:27.366" level="INFO">Executing JavaScript:
_editor = document.querySelectorAll("div.CodeMirror")[0].CodeMirror;_editor.setValue("Hello world!");
Without any arguments.</msg>
<status status="PASS" starttime="20210725 19:04:27.365" endtime="20210725 19:04:28.409"></status>
</kw>
<kw name="Click Element" library="SeleniumLibrary">
<doc>Click the element identified by ``locator``.</doc>
<arguments>
<arg>xpath://html/body/app-root/div/app-writetest/button</arg>
</arguments>
<msg timestamp="20210725 19:04:28.411" level="INFO">Clicking element 'xpath://html/body/app-root/div/app-writetest/button'.</msg>
<status status="PASS" starttime="20210725 19:04:28.411" endtime="20210725 19:04:30.673"></status>
</kw>
<status status="PASS" starttime="20210725 19:04:17.341" endtime="20210725 19:04:30.674" critical="yes"></status>
</test>
<test id="s1-t6" name="Register">
<kw name="Click Element" library="SeleniumLibrary">
<doc>Click the element identified by ``locator``.</doc>
<arguments>
<arg>xpath://html/body/app-root/app-header/nav/div/ul[2]/div/button</arg>
</arguments>
<msg timestamp="20210725 19:04:30.676" level="INFO">Clicking element 'xpath://html/body/app-root/app-header/nav/div/ul[2]/div/button'.</msg>
<status status="PASS" starttime="20210725 19:04:30.676" endtime="20210725 19:04:32.922"></status>
</kw>
<kw name="Click Element" library="SeleniumLibrary">
<doc>Click the element identified by ``locator``.</doc>
<arguments>
<arg>xpath://html/body/app-root/app-header/nav/div/ul[2]/div/ul/li/a</arg>
</arguments>
<msg timestamp="20210725 19:04:32.923" level="INFO">Clicking element 'xpath://html/body/app-root/app-header/nav/div/ul[2]/div/ul/li/a'.</msg>
<status status="PASS" starttime="20210725 19:04:32.923" endtime="20210725 19:04:35.194"></status>
</kw>
<kw name="Input Text" library="SeleniumLibrary">
<doc>Types the given ``text`` into the text field identified by ``locator``.</doc>
<arguments>
<arg>xpath://html/body/app-root/div/app-register/div/div/div/div/div[2]/form/div[1]/input</arg>
<arg>admin</arg>
</arguments>
<msg timestamp="20210725 19:04:35.196" level="INFO">Typing text 'admin' into text field 'xpath://html/body/app-root/div/app-register/div/div/div/div/div[2]/form/div[1]/input'.</msg>
<status status="PASS" starttime="20210725 19:04:35.195" endtime="20210725 19:04:38.269"></status>
</kw>
<kw name="Click Element" library="SeleniumLibrary">
<doc>Click the element identified by ``locator``.</doc>
<arguments>
<arg>xpath://html/body/app-root/div/app-register/div/div/div/div/div[2]/form/button</arg>
</arguments>
<msg timestamp="20210725 19:04:38.271" level="INFO">Clicking element 'xpath://html/body/app-root/div/app-register/div/div/div/div/div[2]/form/button'.</msg>
<status status="PASS" starttime="20210725 19:04:38.271" endtime="20210725 19:04:40.546"></status>
</kw>
<kw name="Input Text" library="SeleniumLibrary">
<doc>Types the given ``text`` into the text field identified by ``locator``.</doc>
<arguments>
<arg>xpath://html/body/app-root/div/app-register/div/div/div/div/div[2]/form/div[1]/input</arg>
<arg>newreader</arg>
</arguments>
<msg timestamp="20210725 19:04:40.549" level="INFO">Typing text 'newreader' into text field 'xpath://html/body/app-root/div/app-register/div/div/div/div/div[2]/form/div[1]/input'.</msg>
<status status="PASS" starttime="20210725 19:04:40.548" endtime="20210725 19:04:43.642"></status>
</kw>
<kw name="Input Text" library="SeleniumLibrary">
<doc>Types the given ``text`` into the text field identified by ``locator``.</doc>
<arguments>
<arg>xpath://html/body/app-root/div/app-register/div/div/div/div/div[2]/form/div[2]/input</arg>
<arg>newreader</arg>
</arguments>
<msg timestamp="20210725 19:04:43.644" level="INFO">Typing text 'newreader' into text field 'xpath://html/body/app-root/div/app-register/div/div/div/div/div[2]/form/div[2]/input'.</msg>
<status status="PASS" starttime="20210725 19:04:43.644" endtime="20210725 19:04:46.717"></status>
</kw>
<kw name="Input Text" library="SeleniumLibrary">
<doc>Types the given ``text`` into the text field identified by ``locator``.</doc>
<arguments>
<arg>xpath://html/body/app-root/div/app-register/div/div/div/div/div[2]/form/div[3]/input</arg>
<arg>reader</arg>
</arguments>
<msg timestamp="20210725 19:04:46.718" level="INFO">Typing text 'reader' into text field 'xpath://html/body/app-root/div/app-register/div/div/div/div/div[2]/form/div[3]/input'.</msg>
<status status="PASS" starttime="20210725 19:04:46.717" endtime="20210725 19:04:49.813"></status>
</kw>
<kw name="Click Element" library="SeleniumLibrary">
<doc>Click the element identified by ``locator``.</doc>
<arguments>
<arg>xpath://html/body/app-root/div/app-register/div/div/div/div/div[2]/form/button</arg>
</arguments>
<msg timestamp="20210725 19:04:49.817" level="INFO">Clicking element 'xpath://html/body/app-root/div/app-register/div/div/div/div/div[2]/form/button'.</msg>
<status status="PASS" starttime="20210725 19:04:49.816" endtime="20210725 19:04:52.086"></status>
</kw>
<status status="PASS" starttime="20210725 19:04:30.675" endtime="20210725 19:04:52.087" critical="yes"></status>
</test>
<test id="s1-t7" name="Logout">
<kw name="Click Element" library="SeleniumLibrary">
<doc>Click the element identified by ``locator``.</doc>
<arguments>
<arg>xpath://html/body/app-root/app-header/nav/div/ul[2]/a</arg>
</arguments>
<msg timestamp="20210725 19:04:52.091" level="INFO">Clicking element 'xpath://html/body/app-root/app-header/nav/div/ul[2]/a'.</msg>
<status status="PASS" starttime="20210725 19:04:52.091" endtime="20210725 19:04:54.371"></status>
</kw>
<status status="PASS" starttime="20210725 19:04:52.090" endtime="20210725 19:04:54.373" critical="yes"></status>
</test>
<test id="s1-t8" name="LoginAsReader">
<kw name="Input Text" library="SeleniumLibrary">
<doc>Types the given ``text`` into the text field identified by ``locator``.</doc>
<arguments>
<arg>xpath://html/body/app-root/div/app-login/div/div/div/div/div[2]/form/div[1]/input</arg>
<arg>newreader</arg>
</arguments>
<msg timestamp="20210725 19:04:54.381" level="INFO">Typing text 'newreader' into text field 'xpath://html/body/app-root/div/app-login/div/div/div/div/div[2]/form/div[1]/input'.</msg>
<status status="PASS" starttime="20210725 19:04:54.380" endtime="20210725 19:04:57.467"></status>
</kw>
<kw name="Input Text" library="SeleniumLibrary">
<doc>Types the given ``text`` into the text field identified by ``locator``.</doc>
<arguments>
<arg>xpath://html/body/app-root/div/app-login/div/div/div/div/div[2]/form/div[2]/input</arg>
<arg>newreader</arg>
</arguments>
<msg timestamp="20210725 19:04:57.468" level="INFO">Typing text 'newreader' into text field 'xpath://html/body/app-root/div/app-login/div/div/div/div/div[2]/form/div[2]/input'.</msg>
<status status="PASS" starttime="20210725 19:04:57.468" endtime="20210725 19:05:00.549"></status>
</kw>
<kw name="Click Element" library="SeleniumLibrary">
<doc>Click the element identified by ``locator``.</doc>
<arguments>
<arg>xpath://html/body/app-root/div/app-login/div/div/div/div/div[2]/form/button</arg>
</arguments>
<msg timestamp="20210725 19:05:00.550" level="INFO">Clicking element 'xpath://html/body/app-root/div/app-login/div/div/div/div/div[2]/form/button'.</msg>
<status status="PASS" starttime="20210725 19:05:00.549" endtime="20210725 19:05:02.801"></status>
</kw>
<kw name="Sleep" library="BuiltIn">
<doc>Pauses the test executed for the given time.</doc>
<arguments>
<arg>3</arg>
</arguments>
<msg timestamp="20210725 19:05:05.806" level="INFO">Slept 3 seconds</msg>
<status status="PASS" starttime="20210725 19:05:02.802" endtime="20210725 19:05:05.806"></status>
</kw>
<kw name="Close Browser" library="SeleniumLibrary">
<doc>Closes the current browser.</doc>
<status status="PASS" starttime="20210725 19:05:05.807" endtime="20210725 19:05:08.422"></status>
</kw>
<status status="PASS" starttime="20210725 19:04:54.377" endtime="20210725 19:05:08.423" critical="yes"></status>
</test>
<status status="PASS" starttime="20210725 19:03:24.794" endtime="20210725 19:05:08.424"></status>
</suite>
<statistics>
<total>
<stat pass="8" fail="0">Critical Tests</stat>
<stat pass="8" fail="0">All Tests</stat>
</total>
<tag>
</tag>
<suite>
<stat pass="8" fail="0" id="s1" name="PFE">PFE</stat>
</suite>
</statistics>
<errors>
</errors>
</robot>
